2018-10-26 05:00:23: help

2018-10-26 05:00:23: Help 显示帮助
Clear 清理控制台的全部文字
AddCookie 指令后面添加参数 [ZxYQ_2132_auth] [ZxYQ_2132_saltkey] 添加一条Cookie(这两条在浏览器中打开mcbbs网站 点f12来找键值)
login 全部登录
sign 全部签到
TaskSign 开启每天循环签到

2018-10-26 05:00:35: 1

2018-10-26 05:00:35: 不存在这个指令,请输入 Help 获取帮助

2018-10-26 05:00:37: 1

2018-10-26 05:00:37: 不存在这个指令,请输入 Help 获取帮助

2018-10-26 05:00:37: 2

2018-10-26 05:00:37: 不存在这个指令,请输入 Help 获取帮助

2018-10-26 05:03:55: 1

2018-10-26 05:03:55: 不存在这个指令,请输入 Help 获取帮助

2018-10-26 05:08:15: help

2018-10-26 05:08:15: Help 显示帮助
Clear 清理控制台的全部文字
AddCookie 指令后面添加参数 [ZxYQ_2132_auth] [ZxYQ_2132_saltkey] 添加一条Cookie(这两条在浏览器中打开mcbbs网站 点f12来找键值)
login 全部登录
sign 全部签到
TaskSign 开启每天循环签到

2018-10-27 02:44:35: Thread-3 结束!

2018-10-27 03:07:21: help

2018-10-27 03:07:21: Help 显示帮助
Clear 清理控制台的全部文字
AddCookie 指令后面添加参数 [ZxYQ_2132_auth] [ZxYQ_2132_saltkey] 添加一条Cookie(这两条在浏览器中打开mcbbs网站 点f12来找键值)
login 全部登录
sign 全部签到
TaskSign 开启每天循环签到
Text [帖子id] 顶帖一次
Text [帖子id] [时间] 开启每天循环定点顶帖,时间格式为 HH-MM 例: 15-20
TaskTextStop [线程名] 中指一个线程任务

2018-10-27 03:07:23: Thread-3 结束!

2018-10-27 03:08:42: Thread-3 结束!

2018-10-27 03:09:00: help

2018-10-27 03:09:00: Help 显示帮助
Clear 清理控制台的全部文字
AddCookie 指令后面添加参数 [ZxYQ_2132_auth] [ZxYQ_2132_saltkey] 添加一条Cookie(这两条在浏览器中打开mcbbs网站 点f12来找键值)
login 全部登录
sign 全部签到
TaskSign 开启每天循环签到
Text [帖子id] 顶帖一次
Text [帖子id] [时间] 开启每天循环定点顶帖,时间格式为 HH-MM 例: 15-20
TaskTextStop [线程名] 中指一个线程任务

2018-10-27 03:09:36: TaskTextStop

2018-10-27 03:09:36: [线程名] 中指一个线程任务

2018-10-27 03:09:55: TaskTextStop x

2018-10-27 03:09:55: 没有找到此线程 活跃的线程有[]

2018-10-27 03:10:43: Text 60

2018-10-27 03:10:43: 顶帖请求发送完毕

2018-10-27 03:10:43: 开启签名代码吧~ 顶!帖!失!败!

2018-10-27 03:12:50: Text 65532

2018-10-27 03:12:50: 顶帖请求发送完毕

2018-10-27 03:12:50: 你至少要登录一个账号才能顶帖

2018-10-27 03:13:03: TaskText

2018-10-27 03:13:03: [帖子id] [时间] 开启每天循环定点顶帖,时间格式为 HH-MM 例: 15-20

2018-10-27 03:14:09: TaskText 633225 3-15

2018-10-27 03:14:09: 时间格式错误

2018-10-27 03:14:25: TaskText 633225 3-16

2018-10-27 03:14:25: 时间格式错误

2018-10-27 03:14:34: TaskText 633225 15-20

2018-10-27 03:14:34: 时间格式错误

2018-10-27 03:18:41: TaskText 633225 3-19

2018-10-27 03:18:41: 已经创建每天循环定点顶帖任务

2018-10-27 03:23:35: TaskText 633225 3-25

2018-10-27 03:23:35: 已经创建每天循环定点顶帖任务

2018-10-27 03:26:12: TaskText 633225 3-30

2018-10-27 03:26:12: 已经创建每天循环定点顶帖任务

2018-10-27 03:26:12: Thread-3 下一次顶帖在 2018-10-27 03:26:12

2018-10-27 03:27:40: Task 550 10

2018-10-27 03:27:40: 不存在这个指令,请输入 Help 获取帮助

2018-10-27 03:27:51: TaskText 500 10

2018-10-27 03:27:51: 时间格式错误

2018-10-27 03:28:07: TaskText 500 3-40

2018-10-27 03:28:07: 已经创建每天循环定点顶帖任务

2018-10-27 03:28:07: Thread-3 下一次顶帖在 2018-10-28 03:03:00

2018-10-27 03:29:03: TaskText 2322 3-50

2018-10-27 03:29:03: 已经创建每天循环定点顶帖任务

2018-10-27 03:29:03: Thread-3 下一次顶帖在 2018-10-28 03:03:00

2018-10-27 03:32:08: TaskText 231 3-33

2018-10-27 03:32:08: 下一次顶帖在 2018-10-27 03:33:00

2018-10-27 03:32:08: 已经创建每天循环定点顶帖任务

2018-10-27 03:33:08: Thread-3 顶帖请求发送完毕

2018-10-27 03:33:08: Thread-3 下一次顶帖在 2018-10-27 03:33:08

2018-10-27 03:33:08: 你至少要登录一个账号才能顶帖

2018-10-27 03:41:34: TaskText 2134 3-42

2018-10-27 03:41:34: 下一次顶帖在 2018-10-27 03:42:00

2018-10-27 03:41:34: 已经创建每天循环定点顶帖任务

2018-10-27 03:42:34: Thread-3 顶帖请求发送完毕

2018-10-27 03:42:34: Thread-3 下一次顶帖在 2018-10-28 03:42:00

2018-10-27 03:42:34: 你至少要登录一个账号才能顶帖

2018-10-27 03:45:12: TaskTime 1 3-45

2018-10-27 03:45:12: 不存在这个指令,请输入 Help 获取帮助

2018-10-27 03:45:21: TaskText 1 3-45

2018-10-27 03:45:21: 帖子不存在

2018-10-27 03:45:28: TaskText 12 3-45

2018-10-27 03:45:28: 帖子不存在

2018-10-27 03:45:34: TaskText 1233 3-45

2018-10-27 03:45:34: 已经创建每天循环定点顶帖任务

2018-10-27 03:45:34: Thread-3 下一次顶帖在 2018-10-28 03:45:00

2018-10-27 03:45:44: TaskText 1233 3-45

2018-10-27 03:45:44: 已经创建每天循环定点顶帖任务

2018-10-27 03:45:44: Thread-4 下一次顶帖在 2018-10-28 03:45:00

2018-10-27 03:45:45: TaskText 1233 3-45

2018-10-27 03:45:45: 已经创建每天循环定点顶帖任务

2018-10-27 03:45:45: Thread-5 下一次顶帖在 2018-10-28 03:45:00

2018-10-27 03:45:46: TaskText 1233 3-45

2018-10-27 03:45:47: 已经创建每天循环定点顶帖任务

2018-10-27 03:45:47: Thread-6 下一次顶帖在 2018-10-28 03:45:00

2018-10-27 03:45:47: TaskText 1233 3-45

2018-10-27 03:45:47: 已经创建每天循环定点顶帖任务

2018-10-27 03:45:47: Thread-7 下一次顶帖在 2018-10-28 03:45:00

2018-10-27 03:45:47: 不存在这个指令,请输入 Help 获取帮助

2018-10-27 03:45:52: TaskText 1233 3-46

2018-10-27 03:45:52: 下一次顶帖在 2018-10-27 03:46:00

2018-10-27 03:45:52: 已经创建每天循环定点顶帖任务

2018-10-27 03:45:59: TaskText 1233 3-46

2018-10-27 03:45:59: 下一次顶帖在 2018-10-27 03:46:00

2018-10-27 03:45:59: 已经创建每天循环定点顶帖任务

2018-10-27 03:46:02: TaskText 1233 3-47

2018-10-27 03:46:02: 下一次顶帖在 2018-10-27 03:47:00

2018-10-27 03:46:02: 已经创建每天循环定点顶帖任务

2018-10-27 03:46:05: TaskText 1233 3-47

2018-10-27 03:46:05: 下一次顶帖在 2018-10-27 03:47:00

2018-10-27 03:46:05: 已经创建每天循环定点顶帖任务

2018-10-27 03:46:23: TaskStop x

2018-10-27 03:46:23: 不存在这个指令,请输入 Help 获取帮助

2018-10-27 03:46:33: TaskTextStop x

2018-10-27 03:46:33: 没有找到此线程 活跃的线程有[Thread-3, Thread-4, Thread-5, Thread-6, Thread-7, Thread-8, Thread-9, Thread-10, Thread-11]

2018-10-27 03:46:52: Thread-8 顶帖请求发送完毕

2018-10-27 03:46:52: Thread-8 下一次顶帖在 2018-10-28 03:46:00

2018-10-27 03:46:52: 你至少要登录一个账号才能顶帖

2018-10-27 03:46:58: TaskTextStop Thread-3

2018-10-27 03:46:58: 正在关闭线程 Thread-3

2018-10-27 03:47:00: Thread-9 顶帖请求发送完毕

2018-10-27 03:47:00: Thread-9 下一次顶帖在 2018-10-28 03:46:00

2018-10-27 03:47:00: 你至少要登录一个账号才能顶帖

2018-10-27 03:47:02: Thread-10 顶帖请求发送完毕

2018-10-27 03:47:02: Thread-10 下一次顶帖在 2018-10-28 03:47:00

2018-10-27 03:47:02: 你至少要登录一个账号才能顶帖

2018-10-27 03:47:05: Thread-11 顶帖请求发送完毕

2018-10-27 03:47:05: Thread-11 下一次顶帖在 2018-10-28 03:47:00

2018-10-27 03:47:05: 你至少要登录一个账号才能顶帖

2018-10-27 03:47:34: Thread-3 结束!

